[2021-01-17 12:55:47] dev.ERROR: Cms\Classes\CmsException: The partial 'about' is not found. in D:\OpenServer\domains\localhost\team\modules\cms\classes\Controller.php:1030
Stack trace:
#0 D:\OpenServer\domains\localhost\team\modules\cms\twig\Extension.php(102): Cms\Classes\Controller->renderPartial()
#1 D:\OpenServer\domains\localhost\team\storage\cms\twig\a9\a99a7a30c39d17f28a3d36299ffd88a53f53f63359002403144e726b6e0471fe.php(95): Cms\Twig\Extension->partialFunction()
#2 D:\OpenServer\domains\localhost\team\vendor\twig\twig\src\Template.php(407): __TwigTemplate_43fd5df4e501c85ecc10cd6141020d8aa906083616eac600b5494169f0c2a5ff->doDisplay()
#3 D:\OpenServer\domains\localhost\team\vendor\twig\twig\src\Template.php(380): Twig\Template->displayWithErrorHandling()
#4 D:\OpenServer\domains\localhost\team\vendor\twig\twig\src\Template.php(392): Twig\Template->display()
#5 D:\OpenServer\domains\localhost\team\modules\cms\classes\Controller.php(435): Twig\Template->render()
#6 D:\OpenServer\domains\localhost\team\modules\cms\classes\Controller.php(225): Cms\Classes\Controller->runPage()
#7 D:\OpenServer\domains\localhost\team\modules\cms\classes\CmsController.php(50): Cms\Classes\Controller->run()
#8 [internal function]: Cms\Classes\CmsController->run()
#9 D:\OpenServer\domains\localhost\team\vendor\laravel\framework\src\Illuminate\Routing\Controller.php(54): call_user_func_array()
#10 D:\OpenServer\domains\localhost\team\vendor\laravel\framework\src\Illuminate\Routing\ControllerDispatcher.php(45): Illuminate\Routing\Controller->callAction()
#11 D:\OpenServer\domains\localhost\team\vendor\laravel\framework\src\Illuminate\Routing\Route.php(212): Illuminate\Routing\ControllerDispatcher->dispatch()
#12 D:\OpenServer\domains\localhost\team\vendor\laravel\framework\src\Illuminate\Routing\Route.php(169): Illuminate\Routing\Route->runController()
#13 D:\OpenServer\domains\localhost\team\vendor\laravel\framework\src\Illuminate\Routing\Router.php(658): Illuminate\Routing\Route->run()
#14 D:\OpenServer\domains\localhost\team\vendor\laravel\framework\src\Illuminate\Routing\Pipeline.php(30): Illuminate\Routing\Router->Illuminate\Routing\{closure}()
#15 D:\OpenServer\domains\localhost\team\vendor\laravel\framework\src\Illuminate\Routing\Middleware\SubstituteBindings.php(41): Illuminate\Routing\Pipeline->Illuminate\Routing\{closure}()
#16 D:\OpenServer\domains\localhost\team\vendor\laravel\framework\src\Illuminate\Pipeline\Pipeline.php(149): Illuminate\Routing\Middleware\SubstituteBindings->handle()
#17 D:\OpenServer\domains\localhost\team\vendor\laravel\framework\src\Illuminate\Routing\Pipeline.php(53): Illuminate\Pipeline\Pipeline->Illuminate\Pipeline\{closure}()
#18 D:\OpenServer\domains\localhost\team\vendor\laravel\framework\src\Illuminate\View\Middleware\ShareErrorsFromSession.php(49): Illuminate\Routing\Pipeline->Illuminate\Routing\{closure}()
#19 D:\OpenServer\domains\localhost\team\vendor\laravel\framework\src\Illuminate\Pipeline\Pipeline.php(149): Illuminate\View\Middleware\ShareErrorsFromSession->handle()
#20 D:\OpenServer\domains\localhost\team\vendor\laravel\framework\src\Illuminate\Routing\Pipeline.php(53): Illuminate\Pipeline\Pipeline->Illuminate\Pipeline\{closure}()
#21 D:\OpenServer\domains\localhost\team\vendor\laravel\framework\src\Illuminate\Session\Middleware\StartSession.php(63): Illuminate\Routing\Pipeline->Illuminate\Routing\{closure}()
#22 D:\OpenServer\domains\localhost\team\vendor\laravel\framework\src\Illuminate\Pipeline\Pipeline.php(149): Illuminate\Session\Middleware\StartSession->handle()
#23 D:\OpenServer\domains\localhost\team\vendor\laravel\framework\src\Illuminate\Routing\Pipeline.php(53): Illuminate\Pipeline\Pipeline->Illuminate\Pipeline\{closure}()
#24 D:\OpenServer\domains\localhost\team\vendor\laravel\framework\src\Illuminate\Cookie\Middleware\AddQueuedCookiesToResponse.php(37): Illuminate\Routing\Pipeline->Illuminate\Routing\{closure}()
#25 D:\OpenServer\domains\localhost\team\vendor\laravel\framework\src\Illuminate\Pipeline\Pipeline.php(149): Illuminate\Cookie\Middleware\AddQueuedCookiesToResponse->handle()
#26 D:\OpenServer\domains\localhost\team\vendor\laravel\framework\src\Illuminate\Routing\Pipeline.php(53): Illuminate\Pipeline\Pipeline->Illuminate\Pipeline\{closure}()
#27 D:\OpenServer\domains\localhost\team\vendor\laravel\framework\src\Illuminate\Cookie\Middleware\EncryptCookies.php(68): Illuminate\Routing\Pipeline->Illuminate\Routing\{closure}()
#28 D:\OpenServer\domains\localhost\team\vendor\laravel\framework\src\Illuminate\Pipeline\Pipeline.php(149): Illuminate\Cookie\Middleware\EncryptCookies->handle()
#29 D:\OpenServer\domains\localhost\team\vendor\laravel\framework\src\Illuminate\Routing\Pipeline.php(53): Illuminate\Pipeline\Pipeline->Illuminate\Pipeline\{closure}()
#30 D:\OpenServer\domains\localhost\team\vendor\laravel\framework\src\Illuminate\Pipeline\Pipeline.php(102): Illuminate\Routing\Pipeline->Illuminate\Routing\{closure}()
#31 D:\OpenServer\domains\localhost\team\vendor\laravel\framework\src\Illuminate\Routing\Router.php(660): Illuminate\Pipeline\Pipeline->then()
#32 D:\OpenServer\domains\localhost\team\vendor\laravel\framework\src\Illuminate\Routing\Router.php(635): Illuminate\Routing\Router->runRouteWithinStack()
#33 D:\OpenServer\domains\localhost\team\vendor\laravel\framework\src\Illuminate\Routing\Router.php(601): Illuminate\Routing\Router->runRoute()
#34 D:\OpenServer\domains\localhost\team\vendor\october\rain\src\Router\CoreRouter.php(20): Illuminate\Routing\Router->dispatchToRoute()
#35 D:\OpenServer\domains\localhost\team\vendor\laravel\framework\src\Illuminate\Foundation\Http\Kernel.php(176): October\Rain\Router\CoreRouter->dispatch()
#36 D:\OpenServer\domains\localhost\team\vendor\laravel\framework\src\Illuminate\Routing\Pipeline.php(30): Illuminate\Foundation\Http\Kernel->Illuminate\Foundation\Http\{closure}()
#37 D:\OpenServer\domains\localhost\team\vendor\laravel\framework\src\Illuminate\Foundation\Http\Middleware\CheckForMaintenanceMode.php(46): Illuminate\Routing\Pipeline->Illuminate\Routing\{closure}()
#38 D:\OpenServer\domains\localhost\team\vendor\october\rain\src\Foundation\Http\Middleware\CheckForMaintenanceMode.php(25): Illuminate\Foundation\Http\Middleware\CheckForMaintenanceMode->handle()
#39 D:\OpenServer\domains\localhost\team\vendor\laravel\framework\src\Illuminate\Pipeline\Pipeline.php(149): October\Rain\Foundation\Http\Middleware\CheckForMaintenanceMode->handle()
#40 D:\OpenServer\domains\localhost\team\vendor\laravel\framework\src\Illuminate\Routing\Pipeline.php(53): Illuminate\Pipeline\Pipeline->Illuminate\Pipeline\{closure}()
#41 D:\OpenServer\domains\localhost\team\vendor\laravel\framework\src\Illuminate\Pipeline\Pipeline.php(102): Illuminate\Routing\Pipeline->Illuminate\Routing\{closure}()
#42 D:\OpenServer\domains\localhost\team\vendor\laravel\framework\src\Illuminate\Foundation\Http\Kernel.php(151): Illuminate\Pipeline\Pipeline->then()
#43 D:\OpenServer\domains\localhost\team\vendor\laravel\framework\src\Illuminate\Foundation\Http\Kernel.php(116): Illuminate\Foundation\Http\Kernel->sendRequestThroughRouter()
#44 D:\OpenServer\domains\localhost\team\index.php(43): Illuminate\Foundation\Http\Kernel->handle()
#45 {main}

Next Twig\Error\RuntimeError: An exception has been thrown during the rendering of a template ("The partial 'about' is not found.") in "D:\OpenServer\domains\localhost\team/themes/thebakerdev-zenii/layouts/default.htm" at line 13. in D:\OpenServer\domains\localhost\team\vendor\twig\twig\src\Template.php:421
Stack trace:
#0 D:\OpenServer\domains\localhost\team\vendor\twig\twig\src\Template.php(380): Twig\Template->displayWithErrorHandling()
#1 D:\OpenServer\domains\localhost\team\vendor\twig\twig\src\Template.php(392): Twig\Template->display()
#2 D:\OpenServer\domains\localhost\team\modules\cms\classes\Controller.php(435): Twig\Template->render()
#3 D:\OpenServer\domains\localhost\team\modules\cms\classes\Controller.php(225): Cms\Classes\Controller->runPage()
#4 D:\OpenServer\domains\localhost\team\modules\cms\classes\CmsController.php(50): Cms\Classes\Controller->run()
#5 [internal function]: Cms\Classes\CmsController->run()
#6 D:\OpenServer\domains\localhost\team\vendor\laravel\framework\src\Illuminate\Routing\Controller.php(54): call_user_func_array()
#7 D:\OpenServer\domains\localhost\team\vendor\laravel\framework\src\Illuminate\Routing\ControllerDispatcher.php(45): Illuminate\Routing\Controller->callAction()
#8 D:\OpenServer\domains\localhost\team\vendor\laravel\framework\src\Illuminate\Routing\Route.php(212): Illuminate\Routing\ControllerDispatcher->dispatch()
#9 D:\OpenServer\domains\localhost\team\vendor\laravel\framework\src\Illuminate\Routing\Route.php(169): Illuminate\Routing\Route->runController()
#10 D:\OpenServer\domains\localhost\team\vendor\laravel\framework\src\Illuminate\Routing\Router.php(658): Illuminate\Routing\Route->run()
#11 D:\OpenServer\domains\localhost\team\vendor\laravel\framework\src\Illuminate\Routing\Pipeline.php(30): Illuminate\Routing\Router->Illuminate\Routing\{closure}()
#12 D:\OpenServer\domains\localhost\team\vendor\laravel\framework\src\Illuminate\Routing\Middleware\SubstituteBindings.php(41): Illuminate\Routing\Pipeline->Illuminate\Routing\{closure}()
#13 D:\OpenServer\domains\localhost\team\vendor\laravel\framework\src\Illuminate\Pipeline\Pipeline.php(149): Illuminate\Routing\Middleware\SubstituteBindings->handle()
#14 D:\OpenServer\domains\localhost\team\vendor\laravel\framework\src\Illuminate\Routing\Pipeline.php(53): Illuminate\Pipeline\Pipeline->Illuminate\Pipeline\{closure}()
#15 D:\OpenServer\domains\localhost\team\vendor\laravel\framework\src\Illuminate\View\Middleware\ShareErrorsFromSession.php(49): Illuminate\Routing\Pipeline->Illuminate\Routing\{closure}()
#16 D:\OpenServer\domains\localhost\team\vendor\laravel\framework\src\Illuminate\Pipeline\Pipeline.php(149): Illuminate\View\Middleware\ShareErrorsFromSession->handle()
#17 D:\OpenServer\domains\localhost\team\vendor\laravel\framework\src\Illuminate\Routing\Pipeline.php(53): Illuminate\Pipeline\Pipeline->Illuminate\Pipeline\{closure}()
#18 D:\OpenServer\domains\localhost\team\vendor\laravel\framework\src\Illuminate\Session\Middleware\StartSession.php(63): Illuminate\Routing\Pipeline->Illuminate\Routing\{closure}()
#19 D:\OpenServer\domains\localhost\team\vendor\laravel\framework\src\Illuminate\Pipeline\Pipeline.php(149): Illuminate\Session\Middleware\StartSession->handle()
#20 D:\OpenServer\domains\localhost\team\vendor\laravel\framework\src\Illuminate\Routing\Pipeline.php(53): Illuminate\Pipeline\Pipeline->Illuminate\Pipeline\{closure}()
#21 D:\OpenServer\domains\localhost\team\vendor\laravel\framework\src\Illuminate\Cookie\Middleware\AddQueuedCookiesToResponse.php(37): Illuminate\Routing\Pipeline->Illuminate\Routing\{closure}()
#22 D:\OpenServer\domains\localhost\team\vendor\laravel\framework\src\Illuminate\Pipeline\Pipeline.php(149): Illuminate\Cookie\Middleware\AddQueuedCookiesToResponse->handle()
#23 D:\OpenServer\domains\localhost\team\vendor\laravel\framework\src\Illuminate\Routing\Pipeline.php(53): Illuminate\Pipeline\Pipeline->Illuminate\Pipeline\{closure}()
#24 D:\OpenServer\domains\localhost\team\vendor\laravel\framework\src\Illuminate\Cookie\Middleware\EncryptCookies.php(68): Illuminate\Routing\Pipeline->Illuminate\Routing\{closure}()
#25 D:\OpenServer\domains\localhost\team\vendor\laravel\framework\src\Illuminate\Pipeline\Pipeline.php(149): Illuminate\Cookie\Middleware\EncryptCookies->handle()
#26 D:\OpenServer\domains\localhost\team\vendor\laravel\framework\src\Illuminate\Routing\Pipeline.php(53): Illuminate\Pipeline\Pipeline->Illuminate\Pipeline\{closure}()
#27 D:\OpenServer\domains\localhost\team\vendor\laravel\framework\src\Illuminate\Pipeline\Pipeline.php(102): Illuminate\Routing\Pipeline->Illuminate\Routing\{closure}()
#28 D:\OpenServer\domains\localhost\team\vendor\laravel\framework\src\Illuminate\Routing\Router.php(660): Illuminate\Pipeline\Pipeline->then()
#29 D:\OpenServer\domains\localhost\team\vendor\laravel\framework\src\Illuminate\Routing\Router.php(635): Illuminate\Routing\Router->runRouteWithinStack()
#30 D:\OpenServer\domains\localhost\team\vendor\laravel\framework\src\Illuminate\Routing\Router.php(601): Illuminate\Routing\Router->runRoute()
#31 D:\OpenServer\domains\localhost\team\vendor\october\rain\src\Router\CoreRouter.php(20): Illuminate\Routing\Router->dispatchToRoute()
#32 D:\OpenServer\domains\localhost\team\vendor\laravel\framework\src\Illuminate\Foundation\Http\Kernel.php(176): October\Rain\Router\CoreRouter->dispatch()
#33 D:\OpenServer\domains\localhost\team\vendor\laravel\framework\src\Illuminate\Routing\Pipeline.php(30): Illuminate\Foundation\Http\Kernel->Illuminate\Foundation\Http\{closure}()
#34 D:\OpenServer\domains\localhost\team\vendor\laravel\framework\src\Illuminate\Foundation\Http\Middleware\CheckForMaintenanceMode.php(46): Illuminate\Routing\Pipeline->Illuminate\Routing\{closure}()
#35 D:\OpenServer\domains\localhost\team\vendor\october\rain\src\Foundation\Http\Middleware\CheckForMaintenanceMode.php(25): Illuminate\Foundation\Http\Middleware\CheckForMaintenanceMode->handle()
#36 D:\OpenServer\domains\localhost\team\vendor\laravel\framework\src\Illuminate\Pipeline\Pipeline.php(149): October\Rain\Foundation\Http\Middleware\CheckForMaintenanceMode->handle()
#37 D:\OpenServer\domains\localhost\team\vendor\laravel\framework\src\Illuminate\Routing\Pipeline.php(53): Illuminate\Pipeline\Pipeline->Illuminate\Pipeline\{closure}()
#38 D:\OpenServer\domains\localhost\team\vendor\laravel\framework\src\Illuminate\Pipeline\Pipeline.php(102): Illuminate\Routing\Pipeline->Illuminate\Routing\{closure}()
#39 D:\OpenServer\domains\localhost\team\vendor\laravel\framework\src\Illuminate\Foundation\Http\Kernel.php(151): Illuminate\Pipeline\Pipeline->then()
#40 D:\OpenServer\domains\localhost\team\vendor\laravel\framework\src\Illuminate\Foundation\Http\Kernel.php(116): Illuminate\Foundation\Http\Kernel->sendRequestThroughRouter()
#41 D:\OpenServer\domains\localhost\team\index.php(43): Illuminate\Foundation\Http\Kernel->handle()
#42 {main}  
